#
# There is insufficient memory for the Java Runtime Environment to continue.
# Native memory allocation (malloc) failed to allocate 1882336 bytes for Chunk::new
# Possible reasons:
#   The system is out of physical RAM or swap space
#   In 32 bit mode, the process size limit was hit
# Possible solutions:
#   Reduce memory load on the system
#   Increase physical memory or swap space
#   Check if swap backing store is full
#   Use 64 bit Java on a 64 bit OS
#   Decrease Java heap size (-Xmx/-Xms)
#   Decrease number of Java threads
#   Decrease Java thread stack sizes (-Xss)
#   Set larger code cache with -XX:ReservedCodeCacheSize=
# This output file may be truncated or incomplete.
#
#  Out of Memory Error (allocation.cpp:390), pid=8676, tid=5376
#
# JRE version: Java(TM) SE Runtime Environment (8.0_20-b26) (build 1.8.0_20-b26)
# Java VM: Java HotSpot(TM) 64-Bit Server VM (25.20-b23 mixed mode windows-amd64 compressed oops)
# Failed to write core dump. Minidumps are not enabled by default on client versions of Windows
#

---------------  T H R E A D  ---------------

Current thread (0x00000000149bd800):  JavaThread "C2 CompilerThread1" daemon [_thread_in_native, id=5376, stack(0x0000000015fd0000,0x00000000160d0000)]

Stack: [0x0000000015fd0000,0x00000000160d0000]
Native frames: (J=compiled Java code, j=interpreted, Vv=VM code, C=native code)
V  [jvm.dll+0x3152fa]
V  [jvm.dll+0x265d03]
V  [jvm.dll+0x266943]
V  [jvm.dll+0x25e265]
V  [jvm.dll+0xbe255]
V  [jvm.dll+0xbe6fc]
V  [jvm.dll+0x45c472]
V  [jvm.dll+0x49d76f]
V  [jvm.dll+0x451911]
V  [jvm.dll+0x452634]
V  [jvm.dll+0x435fc2]
V  [jvm.dll+0x97b62]
V  [jvm.dll+0x98353]
V  [jvm.dll+0x22aac4]
V  [jvm.dll+0x283f5a]
C  [msvcr100.dll+0x21d9f]
C  [msvcr100.dll+0x21e3b]
C  [KERNEL32.DLL+0x13d2]
C  [ntdll.dll+0x15444]


Current CompileTask:
C2:   8234 1672   !   4       com.android.dx.cf.code.BytecodeArray::parseInstruction (2764 bytes)


---------------  P R O C E S S  ---------------

Java Threads: ( => current thread )
  0x00000000149ca800 JavaThread "Service Thread" daemon [_thread_blocked, id=7452, stack(0x00000000161d0000,0x00000000162d0000)]
  0x00000000149c3800 JavaThread "C1 CompilerThread2" daemon [_thread_blocked, id=4184, stack(0x00000000160d0000,0x00000000161d0000)]
=>0x00000000149bd800 JavaThread "C2 CompilerThread1" daemon [_thread_in_native, id=5376, stack(0x0000000015fd0000,0x00000000160d0000)]
  0x0000000014979000 JavaThread "C2 CompilerThread0" daemon [_thread_in_vm, id=6468, stack(0x0000000015ed0000,0x0000000015fd0000)]
  0x0000000014976800 JavaThread "Attach Listener" daemon [_thread_blocked, id=4400, stack(0x0000000015dd0000,0x0000000015ed0000)]
  0x0000000014975000 JavaThread "Signal Dispatcher" daemon [_thread_blocked, id=8120, stack(0x0000000015cd0000,0x0000000015dd0000)]
  0x0000000002295000 JavaThread "Finalizer" daemon [_thread_blocked, id=3036, stack(0x0000000015bd0000,0x0000000015cd0000)]
  0x000000000228b000 JavaThread "Reference Handler" daemon [_thread_blocked, id=7088, stack(0x0000000015ad0000,0x0000000015bd0000)]
  0x00000000021a0800 JavaThread "main" [_thread_in_Java, id=1180, stack(0x00000000020a0000,0x00000000021a0000)]

Other Threads:
  0x0000000014936000 VMThread [stack: 0x00000000159d0000,0x0000000015ad0000] [id=9160]
  0x00000000149cd800 WatcherThread [stack: 0x00000000162d0000,0x00000000163d0000] [id=3140]

VM state:not at safepoint (normal execution)

VM Mutex/Monitor currently owned by a thread: None

Heap:
 PSYoungGen      total 35328K, used 17597K [0x00000000eab00000, 0x00000000ef000000, 0x0000000100000000)
  eden space 32768K, 45% used [0x00000000eab00000,0x00000000eb9af5c0,0x00000000ecb00000)
  from space 2560K, 100% used [0x00000000ecb00000,0x00000000ecd80000,0x00000000ecd80000)
  to   space 2560K, 0% used [0x00000000eed80000,0x00000000eed80000,0x00000000ef000000)
 ParOldGen       total 44032K, used 9027K [0x00000000c0000000, 0x00000000c2b00000, 0x00000000eab00000)
  object space 44032K, 20% used [0x00000000c0000000,0x00000000c08d0ee8,0x00000000c2b00000)
 Metaspace       used 5935K, capacity 7088K, committed 7296K, reserved 1056768K
  class space    used 560K, capacity 616K, committed 640K, reserved 1048576K

Card table byte_map: [0x0000000011660000,0x0000000011870000] byte_map_base: 0x0000000011060000

Marking Bits: (ParMarkBitMap*) 0x000000006029b460
 Begin Bits: [0x0000000011dd0000, 0x0000000012dd0000)
 End Bits:   [0x0000000012dd0000, 0x0000000013dd0000)

Polling page: 0x0000000001fa0000

CodeCache: size=245760Kb used=7656Kb max_used=7703Kb free=238103Kb
 bounds [0x00000000022a0000, 0x0000000002a30000, 0x00000000112a0000]
 total_blobs=1965 nmethods=1705 adapters=174
 compilation: enabled

Compilation events (10 events):
Event: 7.978 Thread 0x00000000149c3800 nmethod 1707 0x0000000002a028d0 code [0x0000000002a02aa0, 0x0000000002a033e8]
Event: 7.978 Thread 0x00000000149c3800 1709       2       java.util.HashMap::getNode (148 bytes)
Event: 7.979 Thread 0x00000000149c3800 nmethod 1709 0x0000000002a036d0 code [0x0000000002a03860, 0x0000000002a03c28]
Event: 7.979 Thread 0x00000000149c3800 1708       3       com.android.dx.rop.cst.CstArray::hashCode (8 bytes)
Event: 7.979 Thread 0x00000000149c3800 nmethod 1708 0x0000000002a03e90 code [0x0000000002a04000, 0x0000000002a04268]
Event: 8.183 Thread 0x00000000149c3800 1710       2       java.util.HashMap::putVal (300 bytes)
Event: 8.184 Thread 0x00000000149c3800 nmethod 1710 0x0000000002a04350 code [0x0000000002a04560, 0x0000000002a04c78]
Event: 8.185 Thread 0x00000000149c3800 1711       3       com.android.dx.dex.code.OutputFinisher::addConstants (93 bytes)
Event: 8.186 Thread 0x00000000149c3800 nmethod 1711 0x0000000002a052d0 code [0x0000000002a05520, 0x0000000002a066b8]
Event: 8.186 Thread 0x00000000149c3800 1712       3       com.android.dx.dex.code.OutputFinisher::addConstants (68 bytes)

GC Heap History (6 events):
Event: 3.155 GC heap before
{Heap before GC invocations=1 (full 0):
 PSYoungGen      total 18944K, used 16384K [0x00000000eab00000, 0x00000000ec000000, 0x0000000100000000)
  eden space 16384K, 100% used [0x00000000eab00000,0x00000000ebb00000,0x00000000ebb00000)
  from space 2560K, 0% used [0x00000000ebd80000,0x00000000ebd80000,0x00000000ec000000)
  to   space 2560K, 0% used [0x00000000ebb00000,0x00000000ebb00000,0x00000000ebd80000)
 ParOldGen       total 44032K, used 0K [0x00000000c0000000, 0x00000000c2b00000, 0x00000000eab00000)
  object space 44032K, 0% used [0x00000000c0000000,0x00000000c0000000,0x00000000c2b00000)
 Metaspace       used 5505K, capacity 6768K, committed 7040K, reserved 1056768K
  class space    used 547K, capacity 616K, committed 640K, reserved 1048576K
Event: 3.234 GC heap after
Heap after GC invocations=1 (full 0):
 PSYoungGen      total 18944K, used 2535K [0x00000000eab00000, 0x00000000ed000000, 0x0000000100000000)
  eden space 16384K, 0% used [0x00000000eab00000,0x00000000eab00000,0x00000000ebb00000)
  from space 2560K, 99% used [0x00000000ebb00000,0x00000000ebd79c88,0x00000000ebd80000)
  to   space 2560K, 0% used [0x00000000ecd80000,0x00000000ecd80000,0x00000000ed000000)
 ParOldGen       total 44032K, used 1442K [0x00000000c0000000, 0x00000000c2b00000, 0x00000000eab00000)
  object space 44032K, 3% used [0x00000000c0000000,0x00000000c0168a38,0x00000000c2b00000)
 Metaspace       used 5505K, capacity 6768K, committed 7040K, reserved 1056768K
  class space    used 547K, capacity 616K, committed 640K, reserved 1048576K
}
Event: 4.832 GC heap before
{Heap before GC invocations=2 (full 0):
 PSYoungGen      total 18944K, used 18919K [0x00000000eab00000, 0x00000000ed000000, 0x0000000100000000)
  eden space 16384K, 100% used [0x00000000eab00000,0x00000000ebb00000,0x00000000ebb00000)
  from space 2560K, 99% used [0x00000000ebb00000,0x00000000ebd79c88,0x00000000ebd80000)
  to   space 2560K, 0% used [0x00000000ecd80000,0x00000000ecd80000,0x00000000ed000000)
 ParOldGen       total 44032K, used 1442K [0x00000000c0000000, 0x00000000c2b00000, 0x00000000eab00000)
  object space 44032K, 3% used [0x00000000c0000000,0x00000000c0168a38,0x00000000c2b00000)
 Metaspace       used 5743K, capacity 6960K, committed 7040K, reserved 1056768K
  class space    used 554K, capacity 616K, committed 640K, reserved 1048576K
Event: 4.862 GC heap after
Heap after GC invocations=2 (full 0):
 PSYoungGen      total 35328K, used 2535K [0x00000000eab00000, 0x00000000ed000000, 0x0000000100000000)
  eden space 32768K, 0% used [0x00000000eab00000,0x00000000eab00000,0x00000000ecb00000)
  from space 2560K, 99% used [0x00000000ecd80000,0x00000000ecff9c98,0x00000000ed000000)
  to   space 2560K, 0% used [0x00000000ecb00000,0x00000000ecb00000,0x00000000ecd80000)
 ParOldGen       total 44032K, used 3845K [0x00000000c0000000, 0x00000000c2b00000, 0x00000000eab00000)
  object space 44032K, 8% used [0x00000000c0000000,0x00000000c03c17f8,0x00000000c2b00000)
 Metaspace       used 5743K, capacity 6960K, committed 7040K, reserved 1056768K
  class space    used 554K, capacity 616K, committed 640K, reserved 1048576K
}
Event: 7.335 GC heap before
{Heap before GC invocations=3 (full 0):
 PSYoungGen      total 35328K, used 35303K [0x00000000eab00000, 0x00000000ed000000, 0x0000000100000000)
  eden space 32768K, 100% used [0x00000000eab00000,0x00000000ecb00000,0x00000000ecb00000)
  from space 2560K, 99% used [0x00000000ecd80000,0x00000000ecff9c98,0x00000000ed000000)
  to   space 2560K, 0% used [0x00000000ecb00000,0x00000000ecb00000,0x00000000ecd80000)
 ParOldGen       total 44032K, used 3845K [0x00000000c0000000, 0x00000000c2b00000, 0x00000000eab00000)
  object space 44032K, 8% used [0x00000000c0000000,0x00000000c03c17f8,0x00000000c2b00000)
 Metaspace       used 5856K, capacity 7088K, committed 7296K, reserved 1056768K
  class space    used 555K, capacity 616K, committed 640K, reserved 1048576K
Event: 7.377 GC heap after
Heap after GC invocations=3 (full 0):
 PSYoungGen      total 35328K, used 2560K [0x00000000eab00000, 0x00000000ef000000, 0x0000000100000000)
  eden space 32768K, 0% used [0x00000000eab00000,0x00000000eab00000,0x00000000ecb00000)
  from space 2560K, 100% used [0x00000000ecb00000,0x00000000ecd80000,0x00000000ecd80000)
  to   space 2560K, 0% used [0x00000000eed80000,0x00000000eed80000,0x00000000ef000000)
 ParOldGen       total 44032K, used 9027K [0x00000000c0000000, 0x00000000c2b00000, 0x00000000eab00000)
  object space 44032K, 20% used [0x00000000c0000000,0x00000000c08d0ee8,0x00000000c2b00000)
 Metaspace       used 5856K, capacity 7088K, committed 7296K, reserved 1056768K
  class space    used 555K, capacity 616K, committed 640K, reserved 1048576K
}

Deoptimization events (10 events):
Event: 7.961 Thread 0x00000000021a0800 Uncommon trap: reason=class_check action=maybe_recompile pc=0x0000000002784a40 method=java.util.Arrays.hashCode([Ljava/lang/Object;)I @ 43
Event: 7.962 Thread 0x00000000021a0800 Uncommon trap: reason=bimorphic action=maybe_recompile pc=0x000000000284b784 method=java.util.HashMap.getNode(ILjava/lang/Object;)Ljava/util/HashMap$Node; @ 126
Event: 7.963 Thread 0x00000000021a0800 Uncommon trap: reason=bimorphic action=maybe_recompile pc=0x000000000284b784 method=java.util.HashMap.getNode(ILjava/lang/Object;)Ljava/util/HashMap$Node; @ 126
Event: 7.963 Thread 0x00000000021a0800 Uncommon trap: reason=bimorphic action=maybe_recompile pc=0x000000000284b784 method=java.util.HashMap.getNode(ILjava/lang/Object;)Ljava/util/HashMap$Node; @ 126
Event: 7.974 Thread 0x00000000021a0800 Uncommon trap: reason=bimorphic action=maybe_recompile pc=0x000000000284b784 method=java.util.HashMap.getNode(ILjava/lang/Object;)Ljava/util/HashMap$Node; @ 126
Event: 7.976 Thread 0x00000000021a0800 Uncommon trap: reason=bimorphic action=maybe_recompile pc=0x00000000024c1d58 method=java.util.HashMap.getNode(ILjava/lang/Object;)Ljava/util/HashMap$Node; @ 126
Event: 7.976 Thread 0x00000000021a0800 Uncommon trap: reason=class_check action=maybe_recompile pc=0x00000000027ef6ec method=java.util.HashMap.putVal(ILjava/lang/Object;Ljava/lang/Object;ZZ)Ljava/lang/Object; @ 203
Event: 7.977 Thread 0x00000000021a0800 Uncommon trap: reason=class_check action=maybe_recompile pc=0x00000000027ef6ec method=java.util.HashMap.putVal(ILjava/lang/Object;Ljava/lang/Object;ZZ)Ljava/lang/Object; @ 203
Event: 7.977 Thread 0x00000000021a0800 Uncommon trap: reason=class_check action=maybe_recompile pc=0x00000000027ef6ec method=java.util.HashMap.putVal(ILjava/lang/Object;Ljava/lang/Object;ZZ)Ljava/lang/Object; @ 203
Event: 7.977 Thread 0x00000000021a0800 Uncommon trap: reason=class_check action=maybe_recompile pc=0x00000000027ef6ec method=java.util.HashMap.putVal(ILjava/lang/Object;Ljava/lang/Object;ZZ)Ljava/lang/Object; @ 203

Internal exceptions (10 events):
Event: 3.727 Thread 0x00000000021a0800 Exception <a 'java/security/PrivilegedActionException'> (0x00000000eb040ce0) thrown at [D:\re\workspace\8-2-build-windows-amd64-cygwin\jdk8u20\1074\hotspot\src\share\vm\prims\jvm.cpp, line 1275]
Event: 3.729 Thread 0x00000000021a0800 Exception <a 'java/security/PrivilegedActionException'> (0x00000000eb04ae90) thrown at [D:\re\workspace\8-2-build-windows-amd64-cygwin\jdk8u20\1074\hotspot\src\share\vm\prims\jvm.cpp, line 1275]
Event: 3.731 Thread 0x00000000021a0800 Exception <a 'java/security/PrivilegedActionException'> (0x00000000eb04d630) thrown at [D:\re\workspace\8-2-build-windows-amd64-cygwin\jdk8u20\1074\hotspot\src\share\vm\prims\jvm.cpp, line 1275]
Event: 3.749 Thread 0x00000000021a0800 Exception <a 'java/security/PrivilegedActionException'> (0x00000000eb06f548) thrown at [D:\re\workspace\8-2-build-windows-amd64-cygwin\jdk8u20\1074\hotspot\src\share\vm\prims\jvm.cpp, line 1275]
Event: 3.749 Thread 0x00000000021a0800 Exception <a 'java/security/PrivilegedActionException'> (0x00000000eb074f70) thrown at [D:\re\workspace\8-2-build-windows-amd64-cygwin\jdk8u20\1074\hotspot\src\share\vm\prims\jvm.cpp, line 1275]
Event: 3.751 Thread 0x00000000021a0800 Exception <a 'java/security/PrivilegedActionException'> (0x00000000eb07a688) thrown at [D:\re\workspace\8-2-build-windows-amd64-cygwin\jdk8u20\1074\hotspot\src\share\vm\prims\jvm.cpp, line 1275]
Event: 4.300 Thread 0x00000000021a0800 Exception <a 'java/security/PrivilegedActionException'> (0x00000000eb6f49f0) thrown at [D:\re\workspace\8-2-build-windows-amd64-cygwin\jdk8u20\1074\hotspot\src\share\vm\prims\jvm.cpp, line 1275]
Event: 6.874 Thread 0x00000000021a0800 Exception <a 'java/security/PrivilegedActionException'> (0x00000000ec031260) thrown at [D:\re\workspace\8-2-build-windows-amd64-cygwin\jdk8u20\1074\hotspot\src\share\vm\prims\jvm.cpp, line 1275]
Event: 7.212 Thread 0x00000000021a0800 Exception <a 'java/security/PrivilegedActionException'> (0x00000000ec73b318) thrown at [D:\re\workspace\8-2-build-windows-amd64-cygwin\jdk8u20\1074\hotspot\src\share\vm\prims\jvm.cpp, line 1275]
Event: 8.182 Thread 0x00000000021a0800 Exception <a 'java/security/PrivilegedActionException'> (0x00000000eb961e78) thrown at [D:\re\workspace\8-2-build-windows-amd64-cygwin\jdk8u20\1074\hotspot\src\share\vm\prims\jvm.cpp, line 1275]

Events (10 events):
Event: 7.977 Thread 0x00000000021a0800 DEOPT UNPACKING pc=0x00000000022e556a sp=0x000000000219ee48 mode 2
Event: 7.977 Thread 0x00000000021a0800 Uncommon trap: trap_request=0xffffffde fr.pc=0x00000000027ef6ec
Event: 7.977 Thread 0x00000000021a0800 DEOPT PACKING pc=0x00000000027ef6ec sp=0x000000000219eed0
Event: 7.977 Thread 0x00000000021a0800 DEOPT UNPACKING pc=0x00000000022e556a sp=0x000000000219ee48 mode 2
Event: 7.979 loading class java/util/HashMap$KeySet
Event: 7.979 loading class java/util/HashMap$KeySet done
Event: 7.979 loading class java/util/HashMap$KeyIterator
Event: 7.979 loading class java/util/HashMap$KeyIterator done
Event: 8.181 loading class com/android/dx/dex/file/CatchStructs
Event: 8.181 loading class com/android/dx/dex/file/CatchStructs done


Dynamic libraries:
0x00007ff738ee0000 - 0x00007ff738f14000 	C:\Program Files\Java\jdk1.8.0_20\bin\java.exe
0x00007ff9255f0000 - 0x00007ff92579c000 	C:\WINDOWS\SYSTEM32\ntdll.dll
0x00007ff922c90000 - 0x00007ff922dce000 	C:\WINDOWS\system32\KERNEL32.DLL
0x00007ff9229f0000 - 0x00007ff922b05000 	C:\WINDOWS\system32\KERNELBASE.dll
0x00007ff9212e0000 - 0x00007ff92136e000 	C:\WINDOWS\system32\apphelp.dll
0x00007ff918960000 - 0x00007ff9189b3000 	C:\WINDOWS\AppPatch\AppPatch64\AcGenral.DLL
0x00007ff9252a0000 - 0x00007ff92534a000 	C:\WINDOWS\system32\msvcrt.dll
0x00007ff9225e0000 - 0x00007ff92260e000 	C:\WINDOWS\SYSTEM32\SspiCli.dll
0x00007ff924720000 - 0x00007ff924774000 	C:\WINDOWS\system32\SHLWAPI.dll
0x00007ff9248e0000 - 0x00007ff924a57000 	C:\WINDOWS\system32\USER32.dll
0x00007ff9250a0000 - 0x00007ff925234000 	C:\WINDOWS\system32\ole32.dll
0x00007ff922dd0000 - 0x00007ff9242e8000 	C:\WINDOWS\system32\SHELL32.dll
0x00007ff921c60000 - 0x00007ff921c81000 	C:\WINDOWS\SYSTEM32\USERENV.dll
0x00007ff925460000 - 0x00007ff92550a000 	C:\WINDOWS\system32\ADVAPI32.dll
0x00007ff9137c0000 - 0x00007ff9137de000 	C:\WINDOWS\SYSTEM32\MPR.dll
0x00007ff9242f0000 - 0x00007ff924431000 	C:\WINDOWS\system32\RPCRT4.dll
0x00007ff924a60000 - 0x00007ff924ab9000 	C:\WINDOWS\SYSTEM32\sechost.dll
0x00007ff924440000 - 0x00007ff924651000 	C:\WINDOWS\SYSTEM32\combase.dll
0x00007ff924780000 - 0x00007ff9248d1000 	C:\WINDOWS\system32\GDI32.dll
0x00007ff922740000 - 0x00007ff922755000 	C:\WINDOWS\SYSTEM32\profapi.dll
0x00007ff920cb0000 - 0x00007ff920d62000 	C:\WINDOWS\SYSTEM32\SHCORE.dll
0x00007ff925420000 - 0x00007ff925456000 	C:\WINDOWS\system32\IMM32.DLL
0x00007ff924f40000 - 0x00007ff925092000 	C:\WINDOWS\system32\MSCTF.dll
0x00007ff91e7d0000 - 0x00007ff91ea4b000 	C:\WINDOWS\WinSxS\amd64_microsoft.windows.common-controls_6595b64144ccf1df_6.0.9600.17784_none_624760d1ecb7236e\COMCTL32.dll
0x000000005e6c0000 - 0x000000005e792000 	C:\Program Files\Java\jdk1.8.0_20\jre\bin\msvcr100.dll
0x000000005fac0000 - 0x0000000060318000 	C:\Program Files\Java\jdk1.8.0_20\jre\bin\server\jvm.dll
0x00007ff913110000 - 0x00007ff913119000 	C:\WINDOWS\SYSTEM32\WSOCK32.dll
0x00007ff912670000 - 0x00007ff912692000 	C:\WINDOWS\SYSTEM32\WINMM.dll
0x00007ff925510000 - 0x00007ff925517000 	C:\WINDOWS\system32\PSAPI.DLL
0x00007ff925240000 - 0x00007ff92529a000 	C:\WINDOWS\system32\WS2_32.dll
0x00007ff911b90000 - 0x00007ff911bba000 	C:\WINDOWS\SYSTEM32\WINMMBASE.dll
0x00007ff924b20000 - 0x00007ff924b29000 	C:\WINDOWS\system32\NSI.dll
0x00007ff922c20000 - 0x00007ff922c6f000 	C:\WINDOWS\SYSTEM32\cfgmgr32.dll
0x00007ff921530000 - 0x00007ff921558000 	C:\WINDOWS\SYSTEM32\DEVOBJ.dll
0x0000000060ae0000 - 0x0000000060aef000 	C:\Program Files\Java\jdk1.8.0_20\jre\bin\verify.dll
0x0000000060ab0000 - 0x0000000060ad8000 	C:\Program Files\Java\jdk1.8.0_20\jre\bin\java.dll
0x0000000060a90000 - 0x0000000060aa6000 	C:\Program Files\Java\jdk1.8.0_20\jre\bin\zip.dll
0x00007ff916fe0000 - 0x00007ff917169000 	C:\WINDOWS\SYSTEM32\dbghelp.dll

VM Arguments:
jvm_args: -Xmx1024M -Dfile.encoding=windows-1252 -Duser.country=GB -Duser.language=en -Duser.variant 
java_command: com.android.dx.command.Main --dex --output C:\Users\Rene\gitAndroid\IntelligentMinds\Messenger\app\build\intermediates\pre-dexed\debug\internal_impl-22.0.0-748ff24f80b8c82eaad09b3aab76f4808255f622.jar C:\Users\Rene\gitAndroid\IntelligentMinds\Messenger\app\build\intermediates\exploded-aar\com.android.support\support-v4\22.0.0\libs\internal_impl-22.0.0.jar
java_class_path (initial): C:\Users\Rene\AppData\Local\Android\sdk\build-tools\22.0.1\lib\dx.jar
Launcher Type: SUN_STANDARD

Environment Variables:
PATH=C:\ProgramData\Oracle\Java\javapath;C:\WINDOWS\system32;C:\WINDOWS;C:\WINDOWS\System32\Wbem;C:\WINDOWS\System32\WindowsPowerShell\v1.0\;C:\Program Files (x86)\Git\cmd;C:\Program Files\OpenVPN\bin
USERNAME=Rene
OS=Windows_NT
PROCESSOR_IDENTIFIER=Intel64 Family 6 Model 58 Stepping 9, GenuineIntel



---------------  S Y S T E M  ---------------

OS: Windows 8.1 , 64 bit Build 9600 

CPU:total 4 (2 cores per cpu, 2 threads per core) family 6 model 58 stepping 9, cmov, cx8, fxsr, mmx, sse, sse2, sse3, ssse3, sse4.1, sse4.2, popcnt, avx, aes, clmul, erms, ht, tsc, tscinvbit, tscinv

Memory: 4k page, physical 4075216k(200908k free), swap 7220944k(14076k free)

vm_info: Java HotSpot(TM) 64-Bit Server VM (25.20-b23) for windows-amd64 JRE (1.8.0_20-b26), built on Jul 30 2014 13:51:23 by "java_re" with MS VC++ 10.0 (VS2010)

time: Wed May 27 14:34:23 2015
elapsed time: 8 seconds (0d 0h 0m 8s)

