#
# There is insufficient memory for the Java Runtime Environment to continue.
# Native memory allocation (malloc) failed to allocate 962976 bytes for Chunk::new
# Possible reasons:
#   The system is out of physical RAM or swap space
#   In 32 bit mode, the process size limit was hit
# Possible solutions:
#   Reduce memory load on the system
#   Increase physical memory or swap space
#   Check if swap backing store is full
#   Use 64 bit Java on a 64 bit OS
#   Decrease Java heap size (-Xmx/-Xms)
#   Decrease number of Java threads
#   Decrease Java thread stack sizes (-Xss)
#   Set larger code cache with -XX:ReservedCodeCacheSize=
# This output file may be truncated or incomplete.
#
#  Out of Memory Error (allocation.cpp:390), pid=7704, tid=6560
#
# JRE version: Java(TM) SE Runtime Environment (8.0_20-b26) (build 1.8.0_20-b26)
# Java VM: Java HotSpot(TM) 64-Bit Server VM (25.20-b23 mixed mode windows-amd64 compressed oops)
# Failed to write core dump. Minidumps are not enabled by default on client versions of Windows
#

---------------  T H R E A D  ---------------

Current thread (0x000000001527d800):  JavaThread "C2 CompilerThread1" daemon [_thread_in_native, id=6560, stack(0x00000000168a0000,0x00000000169a0000)]

Stack: [0x00000000168a0000,0x00000000169a0000]
Native frames: (J=compiled Java code, j=interpreted, Vv=VM code, C=native code)
V  [jvm.dll+0x3152fa]
V  [jvm.dll+0x265d03]
V  [jvm.dll+0x266943]
V  [jvm.dll+0x25e265]
V  [jvm.dll+0xbe255]
V  [jvm.dll+0xbe6fc]
V  [jvm.dll+0x45c472]
V  [jvm.dll+0x49d76f]
V  [jvm.dll+0x451911]
V  [jvm.dll+0x452634]
V  [jvm.dll+0x435fc2]
V  [jvm.dll+0x97b62]
V  [jvm.dll+0x98353]
V  [jvm.dll+0x22aac4]
V  [jvm.dll+0x283f5a]
C  [msvcr100.dll+0x21d9f]
C  [msvcr100.dll+0x21e3b]
C  [KERNEL32.DLL+0x13d2]
C  [ntdll.dll+0x15444]


Current CompileTask:
C2:   6336 1227       4       com.android.dx.ssa.SCCP::simulateStmt (481 bytes)


---------------  P R O C E S S  ---------------

Java Threads: ( => current thread )
  0x000000001528a800 JavaThread "Service Thread" daemon [_thread_blocked, id=148, stack(0x0000000016aa0000,0x0000000016ba0000)]
  0x0000000015283800 JavaThread "C1 CompilerThread2" daemon [_thread_blocked, id=6736, stack(0x00000000169a0000,0x0000000016aa0000)]
=>0x000000001527d800 JavaThread "C2 CompilerThread1" daemon [_thread_in_native, id=6560, stack(0x00000000168a0000,0x00000000169a0000)]
  0x0000000015239000 JavaThread "C2 CompilerThread0" daemon [_thread_blocked, id=8668, stack(0x00000000167a0000,0x00000000168a0000)]
  0x0000000015236800 JavaThread "Attach Listener" daemon [_thread_blocked, id=6460, stack(0x00000000166a0000,0x00000000167a0000)]
  0x0000000015235000 JavaThread "Signal Dispatcher" daemon [_thread_blocked, id=8408, stack(0x00000000165a0000,0x00000000166a0000)]
  0x0000000002b54000 JavaThread "Finalizer" daemon [_thread_blocked, id=5080, stack(0x00000000164a0000,0x00000000165a0000)]
  0x0000000002b4b000 JavaThread "Reference Handler" daemon [_thread_blocked, id=2744, stack(0x00000000163a0000,0x00000000164a0000)]
  0x0000000002a60800 JavaThread "main" [_thread_in_Java, id=7332, stack(0x0000000002940000,0x0000000002a40000)]

Other Threads:
  0x00000000151f6000 VMThread [stack: 0x00000000162a0000,0x00000000163a0000] [id=6364]
  0x000000001528d800 WatcherThread [stack: 0x0000000016ba0000,0x0000000016ca0000] [id=828]

VM state:not at safepoint (normal execution)

VM Mutex/Monitor currently owned by a thread: None

Heap:
 PSYoungGen      total 18944K, used 9447K [0x00000000eab00000, 0x00000000ed000000, 0x0000000100000000)
  eden space 16384K, 42% used [0x00000000eab00000,0x00000000eb1c01c8,0x00000000ebb00000)
  from space 2560K, 99% used [0x00000000ebb00000,0x00000000ebd79c88,0x00000000ebd80000)
  to   space 2560K, 0% used [0x00000000ecd80000,0x00000000ecd80000,0x00000000ed000000)
 ParOldGen       total 44032K, used 1690K [0x00000000c0000000, 0x00000000c2b00000, 0x00000000eab00000)
  object space 44032K, 3% used [0x00000000c0000000,0x00000000c01a6ae8,0x00000000c2b00000)
 Metaspace       used 5647K, capacity 6896K, committed 7040K, reserved 1056768K
  class space    used 548K, capacity 616K, committed 640K, reserved 1048576K

Card table byte_map: [0x0000000011f20000,0x0000000012130000] byte_map_base: 0x0000000011920000

Marking Bits: (ParMarkBitMap*) 0x000000006029b460
 Begin Bits: [0x0000000012690000, 0x0000000013690000)
 End Bits:   [0x0000000013690000, 0x0000000014690000)

Polling page: 0x0000000001050000

CodeCache: size=245760Kb used=4973Kb max_used=4973Kb free=240786Kb
 bounds [0x0000000002b60000, 0x0000000003050000, 0x0000000011b60000]
 total_blobs=1500 nmethods=1240 adapters=174
 compilation: enabled

Compilation events (10 events):
Event: 6.196 Thread 0x0000000015283800 1236       3       com.android.dx.ssa.SsaMethod::onInsnsChanged (16 bytes)
Event: 6.196 Thread 0x0000000015283800 nmethod 1236 0x0000000003030ed0 code [0x0000000003031020, 0x00000000030311b0]
Event: 6.196 Thread 0x0000000015239000 1237       4       com.android.dx.ssa.SsaMethod$2::visitNonMoveInsn (6 bytes)
Event: 6.196 Thread 0x0000000015239000 nmethod 1237 0x000000000302aa50 code [0x000000000302aba0, 0x000000000302ac28]
Event: 6.197 Thread 0x0000000015283800 1238       3       com.android.dx.ssa.PhiTypeResolver::run (179 bytes)
Event: 6.198 Thread 0x0000000015283800 nmethod 1238 0x000000000303f610 code [0x000000000303f8a0, 0x0000000003040a48]
Event: 6.199 Thread 0x0000000015283800 1239       1       com.android.dx.ssa.back.FirstFitLocalCombiningAllocator$Multiset::getSize (5 bytes)
Event: 6.199 Thread 0x0000000015283800 nmethod 1239 0x0000000003037850 code [0x00000000030379a0, 0x0000000003037ab0]
Event: 6.199 Thread 0x0000000015283800 1240       3       com.android.dx.rop.cst.CstType::hashCode (8 bytes)
Event: 6.200 Thread 0x0000000015283800 nmethod 1240 0x00000000030372d0 code [0x0000000003037440, 0x0000000003037728]

GC Heap History (2 events):
Event: 5.639 GC heap before
{Heap before GC invocations=1 (full 0):
 PSYoungGen      total 18944K, used 16384K [0x00000000eab00000, 0x00000000ec000000, 0x0000000100000000)
  eden space 16384K, 100% used [0x00000000eab00000,0x00000000ebb00000,0x00000000ebb00000)
  from space 2560K, 0% used [0x00000000ebd80000,0x00000000ebd80000,0x00000000ec000000)
  to   space 2560K, 0% used [0x00000000ebb00000,0x00000000ebb00000,0x00000000ebd80000)
 ParOldGen       total 44032K, used 0K [0x00000000c0000000, 0x00000000c2b00000, 0x00000000eab00000)
  object space 44032K, 0% used [0x00000000c0000000,0x00000000c0000000,0x00000000c2b00000)
 Metaspace       used 5507K, capacity 6768K, committed 7040K, reserved 1056768K
  class space    used 547K, capacity 616K, committed 640K, reserved 1048576K
Event: 5.701 GC heap after
Heap after GC invocations=1 (full 0):
 PSYoungGen      total 18944K, used 2535K [0x00000000eab00000, 0x00000000ed000000, 0x0000000100000000)
  eden space 16384K, 0% used [0x00000000eab00000,0x00000000eab00000,0x00000000ebb00000)
  from space 2560K, 99% used [0x00000000ebb00000,0x00000000ebd79c88,0x00000000ebd80000)
  to   space 2560K, 0% used [0x00000000ecd80000,0x00000000ecd80000,0x00000000ed000000)
 ParOldGen       total 44032K, used 1690K [0x00000000c0000000, 0x00000000c2b00000, 0x00000000eab00000)
  object space 44032K, 3% used [0x00000000c0000000,0x00000000c01a6ae8,0x00000000c2b00000)
 Metaspace       used 5507K, capacity 6768K, committed 7040K, reserved 1056768K
  class space    used 547K, capacity 616K, committed 640K, reserved 1048576K
}

Deoptimization events (10 events):
Event: 4.632 Thread 0x0000000002a60800 Uncommon trap: reason=class_check action=maybe_recompile pc=0x0000000002e37870 method=com.android.dx.ssa.NormalSsaInsn.accept(Lcom/android/dx/ssa/SsaInsn$Visitor;)V @ 9
Event: 4.632 Thread 0x0000000002a60800 Uncommon trap: reason=class_check action=maybe_recompile pc=0x0000000002e37870 method=com.android.dx.ssa.NormalSsaInsn.accept(Lcom/android/dx/ssa/SsaInsn$Visitor;)V @ 9
Event: 4.632 Thread 0x0000000002a60800 Uncommon trap: reason=class_check action=maybe_recompile pc=0x0000000002e37870 method=com.android.dx.ssa.NormalSsaInsn.accept(Lcom/android/dx/ssa/SsaInsn$Visitor;)V @ 9
Event: 4.633 Thread 0x0000000002a60800 Uncommon trap: reason=class_check action=maybe_recompile pc=0x0000000002e37870 method=com.android.dx.ssa.NormalSsaInsn.accept(Lcom/android/dx/ssa/SsaInsn$Visitor;)V @ 9
Event: 4.774 Thread 0x0000000002a60800 Uncommon trap: reason=null_assert action=make_not_entrant pc=0x0000000002d8bddc method=com.android.dx.rop.code.RegisterSpec$ForComparison.equals(Ljava/lang/Object;)Z @ 27
Event: 5.150 Thread 0x0000000002a60800 Uncommon trap: reason=unreached action=reinterpret pc=0x0000000002f3afac method=com.android.dx.rop.code.RegisterSpec.equals(ILcom/android/dx/rop/type/TypeBearer;Lcom/android/dx/rop/code/LocalItem;)Z @ 24
Event: 5.150 Thread 0x0000000002a60800 Uncommon trap: reason=unreached action=reinterpret pc=0x0000000002f05458 method=com.android.dx.rop.code.RegisterSpec.equals(ILcom/android/dx/rop/type/TypeBearer;Lcom/android/dx/rop/code/LocalItem;)Z @ 24
Event: 5.162 Thread 0x0000000002a60800 Uncommon trap: reason=unreached action=reinterpret pc=0x0000000002ec31fc method=com.android.dx.rop.code.RegisterSpec.equals(ILcom/android/dx/rop/type/TypeBearer;Lcom/android/dx/rop/code/LocalItem;)Z @ 24
Event: 5.715 Thread 0x0000000002a60800 Uncommon trap: reason=bimorphic action=maybe_recompile pc=0x0000000002e41904 method=java.util.HashMap.getNode(ILjava/lang/Object;)Ljava/util/HashMap$Node; @ 126
Event: 5.716 Thread 0x0000000002a60800 Uncommon trap: reason=class_check action=maybe_recompile pc=0x0000000002ec95a4 method=com.android.dx.ssa.NormalSsaInsn.accept(Lcom/android/dx/ssa/SsaInsn$Visitor;)V @ 9

Internal exceptions (10 events):
Event: 4.327 Thread 0x0000000002a60800 Exception <a 'java/security/PrivilegedActionException'> (0x00000000eb47b040) thrown at [D:\re\workspace\8-2-build-windows-amd64-cygwin\jdk8u20\1074\hotspot\src\share\vm\prims\jvm.cpp, line 1275]
Event: 4.328 Thread 0x0000000002a60800 Exception <a 'java/security/PrivilegedActionException'> (0x00000000eb47e378) thrown at [D:\re\workspace\8-2-build-windows-amd64-cygwin\jdk8u20\1074\hotspot\src\share\vm\prims\jvm.cpp, line 1275]
Event: 4.377 Thread 0x0000000002a60800 Exception <a 'java/security/PrivilegedActionException'> (0x00000000eb500900) thrown at [D:\re\workspace\8-2-build-windows-amd64-cygwin\jdk8u20\1074\hotspot\src\share\vm\prims\jvm.cpp, line 1275]
Event: 4.378 Thread 0x0000000002a60800 Exception <a 'java/security/PrivilegedActionException'> (0x00000000eb504718) thrown at [D:\re\workspace\8-2-build-windows-amd64-cygwin\jdk8u20\1074\hotspot\src\share\vm\prims\jvm.cpp, line 1275]
Event: 4.378 Thread 0x0000000002a60800 Exception <a 'java/security/PrivilegedActionException'> (0x00000000eb506ca8) thrown at [D:\re\workspace\8-2-build-windows-amd64-cygwin\jdk8u20\1074\hotspot\src\share\vm\prims\jvm.cpp, line 1275]
Event: 4.379 Thread 0x0000000002a60800 Exception <a 'java/security/PrivilegedActionException'> (0x00000000eb509c40) thrown at [D:\re\workspace\8-2-build-windows-amd64-cygwin\jdk8u20\1074\hotspot\src\share\vm\prims\jvm.cpp, line 1275]
Event: 4.482 Thread 0x0000000002a60800 Exception <a 'java/security/PrivilegedActionException'> (0x00000000eb5354d8) thrown at [D:\re\workspace\8-2-build-windows-amd64-cygwin\jdk8u20\1074\hotspot\src\share\vm\prims\jvm.cpp, line 1275]
Event: 4.488 Thread 0x0000000002a60800 Exception <a 'java/security/PrivilegedActionException'> (0x00000000eb53fcf0) thrown at [D:\re\workspace\8-2-build-windows-amd64-cygwin\jdk8u20\1074\hotspot\src\share\vm\prims\jvm.cpp, line 1275]
Event: 4.612 Thread 0x0000000002a60800 Exception <a 'java/security/PrivilegedActionException'> (0x00000000eb5c0c10) thrown at [D:\re\workspace\8-2-build-windows-amd64-cygwin\jdk8u20\1074\hotspot\src\share\vm\prims\jvm.cpp, line 1275]
Event: 4.824 Thread 0x0000000002a60800 Exception <a 'java/security/PrivilegedActionException'> (0x00000000eb625290) thrown at [D:\re\workspace\8-2-build-windows-amd64-cygwin\jdk8u20\1074\hotspot\src\share\vm\prims\jvm.cpp, line 1275]

Events (10 events):
Event: 5.639 Executing VM operation: ParallelGCFailedAllocation
Event: 5.701 Executing VM operation: ParallelGCFailedAllocation done
Event: 5.701 loading class sun/misc/Cleaner
Event: 5.701 loading class sun/misc/Cleaner done
Event: 5.715 Thread 0x0000000002a60800 Uncommon trap: trap_request=0xffffffc6 fr.pc=0x0000000002e41904
Event: 5.715 Thread 0x0000000002a60800 DEOPT PACKING pc=0x0000000002e41904 sp=0x0000000002a3e7c0
Event: 5.715 Thread 0x0000000002a60800 DEOPT UNPACKING pc=0x0000000002ba556a sp=0x0000000002a3e6e8 mode 2
Event: 5.716 Thread 0x0000000002a60800 Uncommon trap: trap_request=0xffffffde fr.pc=0x0000000002ec95a4
Event: 5.716 Thread 0x0000000002a60800 DEOPT PACKING pc=0x0000000002ec95a4 sp=0x0000000002a3e670
Event: 5.716 Thread 0x0000000002a60800 DEOPT UNPACKING pc=0x0000000002ba556a sp=0x0000000002a3e630 mode 2


Dynamic libraries:
0x00007ff738ee0000 - 0x00007ff738f14000 	C:\Program Files\Java\jdk1.8.0_20\bin\java.exe
0x00007ff9255f0000 - 0x00007ff92579c000 	C:\WINDOWS\SYSTEM32\ntdll.dll
0x00007ff922c90000 - 0x00007ff922dce000 	C:\WINDOWS\system32\KERNEL32.DLL
0x00007ff9229f0000 - 0x00007ff922b05000 	C:\WINDOWS\system32\KERNELBASE.dll
0x00007ff9212e0000 - 0x00007ff92136e000 	C:\WINDOWS\system32\apphelp.dll
0x00007ff918960000 - 0x00007ff9189b3000 	C:\WINDOWS\AppPatch\AppPatch64\AcGenral.DLL
0x00007ff9252a0000 - 0x00007ff92534a000 	C:\WINDOWS\system32\msvcrt.dll
0x00007ff9225e0000 - 0x00007ff92260e000 	C:\WINDOWS\SYSTEM32\SspiCli.dll
0x00007ff924720000 - 0x00007ff924774000 	C:\WINDOWS\system32\SHLWAPI.dll
0x00007ff9248e0000 - 0x00007ff924a57000 	C:\WINDOWS\system32\USER32.dll
0x00007ff9250a0000 - 0x00007ff925234000 	C:\WINDOWS\system32\ole32.dll
0x00007ff922dd0000 - 0x00007ff9242e8000 	C:\WINDOWS\system32\SHELL32.dll
0x00007ff921c60000 - 0x00007ff921c81000 	C:\WINDOWS\SYSTEM32\USERENV.dll
0x00007ff925460000 - 0x00007ff92550a000 	C:\WINDOWS\system32\ADVAPI32.dll
0x00007ff9137c0000 - 0x00007ff9137de000 	C:\WINDOWS\SYSTEM32\MPR.dll
0x00007ff9242f0000 - 0x00007ff924431000 	C:\WINDOWS\system32\RPCRT4.dll
0x00007ff924a60000 - 0x00007ff924ab9000 	C:\WINDOWS\SYSTEM32\sechost.dll
0x00007ff924440000 - 0x00007ff924651000 	C:\WINDOWS\SYSTEM32\combase.dll
0x00007ff924780000 - 0x00007ff9248d1000 	C:\WINDOWS\system32\GDI32.dll
0x00007ff922740000 - 0x00007ff922755000 	C:\WINDOWS\SYSTEM32\profapi.dll
0x00007ff920cb0000 - 0x00007ff920d62000 	C:\WINDOWS\SYSTEM32\SHCORE.dll
0x00007ff925420000 - 0x00007ff925456000 	C:\WINDOWS\system32\IMM32.DLL
0x00007ff924f40000 - 0x00007ff925092000 	C:\WINDOWS\system32\MSCTF.dll
0x00007ff91e7d0000 - 0x00007ff91ea4b000 	C:\WINDOWS\WinSxS\amd64_microsoft.windows.common-controls_6595b64144ccf1df_6.0.9600.17784_none_624760d1ecb7236e\COMCTL32.dll
0x000000005e6c0000 - 0x000000005e792000 	C:\Program Files\Java\jdk1.8.0_20\jre\bin\msvcr100.dll
0x000000005fac0000 - 0x0000000060318000 	C:\Program Files\Java\jdk1.8.0_20\jre\bin\server\jvm.dll
0x00007ff913110000 - 0x00007ff913119000 	C:\WINDOWS\SYSTEM32\WSOCK32.dll
0x00007ff912670000 - 0x00007ff912692000 	C:\WINDOWS\SYSTEM32\WINMM.dll
0x00007ff925510000 - 0x00007ff925517000 	C:\WINDOWS\system32\PSAPI.DLL
0x00007ff925240000 - 0x00007ff92529a000 	C:\WINDOWS\system32\WS2_32.dll
0x00007ff911b90000 - 0x00007ff911bba000 	C:\WINDOWS\SYSTEM32\WINMMBASE.dll
0x00007ff924b20000 - 0x00007ff924b29000 	C:\WINDOWS\system32\NSI.dll
0x00007ff922c20000 - 0x00007ff922c6f000 	C:\WINDOWS\SYSTEM32\cfgmgr32.dll
0x00007ff921530000 - 0x00007ff921558000 	C:\WINDOWS\SYSTEM32\DEVOBJ.dll
0x0000000060ae0000 - 0x0000000060aef000 	C:\Program Files\Java\jdk1.8.0_20\jre\bin\verify.dll
0x0000000060ab0000 - 0x0000000060ad8000 	C:\Program Files\Java\jdk1.8.0_20\jre\bin\java.dll
0x0000000060a90000 - 0x0000000060aa6000 	C:\Program Files\Java\jdk1.8.0_20\jre\bin\zip.dll
0x00007ff916fe0000 - 0x00007ff917169000 	C:\WINDOWS\SYSTEM32\dbghelp.dll

VM Arguments:
jvm_args: -Xmx1024M -Dfile.encoding=windows-1252 -Duser.country=GB -Duser.language=en -Duser.variant 
java_command: com.android.dx.command.Main --dex --output C:\Users\Rene\gitAndroid\IntelligentMinds\Messenger\app\build\intermediates\pre-dexed\debug\classes-7fcd155c5ba4bbf98dc89167cd62912846a706a4.jar C:\Users\Rene\gitAndroid\IntelligentMinds\Messenger\app\build\intermediates\exploded-aar\com.google.android.gms\play-services-ads\7.0.0\classes.jar
java_class_path (initial): C:\Users\Rene\AppData\Local\Android\sdk\build-tools\22.0.1\lib\dx.jar
Launcher Type: SUN_STANDARD

Environment Variables:
PATH=C:\ProgramData\Oracle\Java\javapath;C:\WINDOWS\system32;C:\WINDOWS;C:\WINDOWS\System32\Wbem;C:\WINDOWS\System32\WindowsPowerShell\v1.0\;C:\Program Files (x86)\Git\cmd;C:\Program Files\OpenVPN\bin
USERNAME=Rene
OS=Windows_NT
PROCESSOR_IDENTIFIER=Intel64 Family 6 Model 58 Stepping 9, GenuineIntel



---------------  S Y S T E M  ---------------

OS: Windows 8.1 , 64 bit Build 9600 

CPU:total 4 (2 cores per cpu, 2 threads per core) family 6 model 58 stepping 9, cmov, cx8, fxsr, mmx, sse, sse2, sse3, ssse3, sse4.1, sse4.2, popcnt, avx, aes, clmul, erms, ht, tsc, tscinvbit, tscinv

Memory: 4k page, physical 4075216k(201076k free), swap 7220944k(14060k free)

vm_info: Java HotSpot(TM) 64-Bit Server VM (25.20-b23) for windows-amd64 JRE (1.8.0_20-b26), built on Jul 30 2014 13:51:23 by "java_re" with MS VC++ 10.0 (VS2010)

time: Wed May 27 14:34:23 2015
elapsed time: 6 seconds (0d 0h 0m 6s)

