#
# There is insufficient memory for the Java Runtime Environment to continue.
# Native memory allocation (malloc) failed to allocate 1954096 bytes for Chunk::new
# Possible reasons:
#   The system is out of physical RAM or swap space
#   In 32 bit mode, the process size limit was hit
# Possible solutions:
#   Reduce memory load on the system
#   Increase physical memory or swap space
#   Check if swap backing store is full
#   Use 64 bit Java on a 64 bit OS
#   Decrease Java heap size (-Xmx/-Xms)
#   Decrease number of Java threads
#   Decrease Java thread stack sizes (-Xss)
#   Set larger code cache with -XX:ReservedCodeCacheSize=
# This output file may be truncated or incomplete.
#
#  Out of Memory Error (allocation.cpp:390), pid=7564, tid=4264
#
# JRE version: Java(TM) SE Runtime Environment (8.0_20-b26) (build 1.8.0_20-b26)
# Java VM: Java HotSpot(TM) 64-Bit Server VM (25.20-b23 mixed mode windows-amd64 compressed oops)
# Failed to write core dump. Minidumps are not enabled by default on client versions of Windows
#

---------------  T H R E A D  ---------------

Current thread (0x00000000151ff800):  JavaThread "C2 CompilerThread1" daemon [_thread_in_native, id=4264, stack(0x0000000016810000,0x0000000016910000)]

Stack: [0x0000000016810000,0x0000000016910000]
Native frames: (J=compiled Java code, j=interpreted, Vv=VM code, C=native code)
V  [jvm.dll+0x3152fa]
V  [jvm.dll+0x265d03]
V  [jvm.dll+0x266943]
V  [jvm.dll+0x25e265]
V  [jvm.dll+0xbe255]
V  [jvm.dll+0xbe6fc]
V  [jvm.dll+0x45c472]
V  [jvm.dll+0x49d76f]
V  [jvm.dll+0x451911]
V  [jvm.dll+0x452634]
V  [jvm.dll+0x435fc2]
V  [jvm.dll+0x97b62]
V  [jvm.dll+0x98353]
V  [jvm.dll+0x22aac4]
V  [jvm.dll+0x283f5a]
C  [msvcr100.dll+0x21d9f]
C  [msvcr100.dll+0x21e3b]
C  [KERNEL32.DLL+0x13d2]
C  [ntdll.dll+0x15444]


Current CompileTask:
C2:   8126 1561   !   4       com.android.dx.cf.cst.ConstantPoolParser::parse0 (731 bytes)


---------------  P R O C E S S  ---------------

Java Threads: ( => current thread )
  0x0000000015207800 JavaThread "Service Thread" daemon [_thread_blocked, id=4292, stack(0x0000000016a10000,0x0000000016b10000)]
  0x0000000015202800 JavaThread "C1 CompilerThread2" daemon [_thread_blocked, id=6508, stack(0x0000000016910000,0x0000000016a10000)]
=>0x00000000151ff800 JavaThread "C2 CompilerThread1" daemon [_thread_in_native, id=4264, stack(0x0000000016810000,0x0000000016910000)]
  0x00000000151b9000 JavaThread "C2 CompilerThread0" daemon [_thread_in_native, id=5676, stack(0x0000000016710000,0x0000000016810000)]
  0x00000000151b6800 JavaThread "Attach Listener" daemon [_thread_blocked, id=2520, stack(0x0000000016610000,0x0000000016710000)]
  0x00000000151b5000 JavaThread "Signal Dispatcher" daemon [_thread_blocked, id=4436, stack(0x0000000016510000,0x0000000016610000)]
  0x0000000002ad4000 JavaThread "Finalizer" daemon [_thread_blocked, id=3580, stack(0x0000000016410000,0x0000000016510000)]
  0x0000000002acb000 JavaThread "Reference Handler" daemon [_thread_blocked, id=6648, stack(0x0000000016310000,0x0000000016410000)]
  0x00000000029e0800 JavaThread "main" [_thread_in_vm, id=6324, stack(0x0000000002850000,0x0000000002950000)]

Other Threads:
  0x0000000015176000 VMThread [stack: 0x0000000016210000,0x0000000016310000] [id=5144]
  0x000000001520a000 WatcherThread [stack: 0x0000000016b10000,0x0000000016c10000] [id=7296]

VM state:synchronizing (normal execution)

VM Mutex/Monitor currently owned by a thread:  ([mutex/lock_event])
[0x000000000284c3a0] Threads_lock - owner thread: 0x0000000015176000

Heap:
 PSYoungGen      total 35328K, used 23366K [0x00000000eab00000, 0x00000000ed000000, 0x0000000100000000)
  eden space 32768K, 63% used [0x00000000eab00000,0x00000000ebf56da8,0x00000000ecb00000)
  from space 2560K, 99% used [0x00000000ecd80000,0x00000000ecffaab8,0x00000000ed000000)
  to   space 2560K, 0% used [0x00000000ecb00000,0x00000000ecb00000,0x00000000ecd80000)
 ParOldGen       total 44032K, used 4093K [0x00000000c0000000, 0x00000000c2b00000, 0x00000000eab00000)
  object space 44032K, 9% used [0x00000000c0000000,0x00000000c03ff608,0x00000000c2b00000)
 Metaspace       used 5795K, capacity 7024K, committed 7296K, reserved 1056768K
  class space    used 549K, capacity 616K, committed 640K, reserved 1048576K

Card table byte_map: [0x0000000011ea0000,0x00000000120b0000] byte_map_base: 0x00000000118a0000

Marking Bits: (ParMarkBitMap*) 0x000000006029b460
 Begin Bits: [0x0000000012610000, 0x0000000013610000)
 End Bits:   [0x0000000013610000, 0x0000000014610000)

Polling page: 0x0000000002830000

CodeCache: size=245760Kb used=6607Kb max_used=6607Kb free=239152Kb
 bounds [0x0000000002ae0000, 0x0000000003160000, 0x0000000011ae0000]
 total_blobs=1831 nmethods=1571 adapters=174
 compilation: enabled

Compilation events (10 events):
Event: 7.741 Thread 0x0000000015202800 1562       1       java.util.ArrayList::elementData (7 bytes)
Event: 7.741 Thread 0x0000000015202800 nmethod 1562 0x000000000313ad90 code [0x000000000313aee0, 0x000000000313b010]
Event: 7.741 Thread 0x0000000015202800 1563       3       com.android.dx.ssa.SsaBasicBlock::setRegsUsed (27 bytes)
Event: 7.742 Thread 0x0000000015202800 nmethod 1563 0x0000000003149950 code [0x0000000003149b00, 0x000000000314a098]
Event: 7.746 Thread 0x0000000015202800 1566       1       com.android.dx.cf.attrib.InnerClassList$Item::getInnerClass (5 bytes)
Event: 7.746 Thread 0x0000000015202800 nmethod 1566 0x000000000313aa90 code [0x000000000313abe0, 0x000000000313acf0]
Event: 7.747 Thread 0x0000000015202800 1567       1       com.android.dx.rop.cst.CstType::isCategory2 (2 bytes)
Event: 7.747 Thread 0x0000000015202800 nmethod 1567 0x0000000003149690 code [0x00000000031497e0, 0x00000000031498f0]
Event: 7.749 Thread 0x0000000015202800 1568       3       com.android.dx.rop.cst.CstFieldRef::<init> (7 bytes)
Event: 7.749 Thread 0x0000000015202800 nmethod 1568 0x0000000003149310 code [0x0000000003149480, 0x0000000003149608]

GC Heap History (4 events):
Event: 3.723 GC heap before
{Heap before GC invocations=1 (full 0):
 PSYoungGen      total 18944K, used 16384K [0x00000000eab00000, 0x00000000ec000000, 0x0000000100000000)
  eden space 16384K, 100% used [0x00000000eab00000,0x00000000ebb00000,0x00000000ebb00000)
  from space 2560K, 0% used [0x00000000ebd80000,0x00000000ebd80000,0x00000000ec000000)
  to   space 2560K, 0% used [0x00000000ebb00000,0x00000000ebb00000,0x00000000ebd80000)
 ParOldGen       total 44032K, used 0K [0x00000000c0000000, 0x00000000c2b00000, 0x00000000eab00000)
  object space 44032K, 0% used [0x00000000c0000000,0x00000000c0000000,0x00000000c2b00000)
 Metaspace       used 5478K, capacity 6768K, committed 7040K, reserved 1056768K
  class space    used 544K, capacity 616K, committed 640K, reserved 1048576K
Event: 3.785 GC heap after
Heap after GC invocations=1 (full 0):
 PSYoungGen      total 18944K, used 2535K [0x00000000eab00000, 0x00000000ed000000, 0x0000000100000000)
  eden space 16384K, 0% used [0x00000000eab00000,0x00000000eab00000,0x00000000ebb00000)
  from space 2560K, 99% used [0x00000000ebb00000,0x00000000ebd79c88,0x00000000ebd80000)
  to   space 2560K, 0% used [0x00000000ecd80000,0x00000000ecd80000,0x00000000ed000000)
 ParOldGen       total 44032K, used 1532K [0x00000000c0000000, 0x00000000c2b00000, 0x00000000eab00000)
  object space 44032K, 3% used [0x00000000c0000000,0x00000000c017f2c0,0x00000000c2b00000)
 Metaspace       used 5478K, capacity 6768K, committed 7040K, reserved 1056768K
  class space    used 544K, capacity 616K, committed 640K, reserved 1048576K
}
Event: 6.014 GC heap before
{Heap before GC invocations=2 (full 0):
 PSYoungGen      total 18944K, used 18919K [0x00000000eab00000, 0x00000000ed000000, 0x0000000100000000)
  eden space 16384K, 100% used [0x00000000eab00000,0x00000000ebb00000,0x00000000ebb00000)
  from space 2560K, 99% used [0x00000000ebb00000,0x00000000ebd79c88,0x00000000ebd80000)
  to   space 2560K, 0% used [0x00000000ecd80000,0x00000000ecd80000,0x00000000ed000000)
 ParOldGen       total 44032K, used 1532K [0x00000000c0000000, 0x00000000c2b00000, 0x00000000eab00000)
  object space 44032K, 3% used [0x00000000c0000000,0x00000000c017f2c0,0x00000000c2b00000)
 Metaspace       used 5693K, capacity 6960K, committed 7040K, reserved 1056768K
  class space    used 549K, capacity 616K, committed 640K, reserved 1048576K
Event: 6.076 GC heap after
Heap after GC invocations=2 (full 0):
 PSYoungGen      total 35328K, used 2538K [0x00000000eab00000, 0x00000000ed000000, 0x0000000100000000)
  eden space 32768K, 0% used [0x00000000eab00000,0x00000000eab00000,0x00000000ecb00000)
  from space 2560K, 99% used [0x00000000ecd80000,0x00000000ecffaab8,0x00000000ed000000)
  to   space 2560K, 0% used [0x00000000ecb00000,0x00000000ecb00000,0x00000000ecd80000)
 ParOldGen       total 44032K, used 4093K [0x00000000c0000000, 0x00000000c2b00000, 0x00000000eab00000)
  object space 44032K, 9% used [0x00000000c0000000,0x00000000c03ff608,0x00000000c2b00000)
 Metaspace       used 5693K, capacity 6960K, committed 7040K, reserved 1056768K
  class space    used 549K, capacity 616K, committed 640K, reserved 1048576K
}

Deoptimization events (10 events):
Event: 3.515 Thread 0x00000000029e0800 Uncommon trap: reason=bimorphic action=maybe_recompile pc=0x0000000002d526ec method=java.util.HashMap.getNode(ILjava/lang/Object;)Ljava/util/HashMap$Node; @ 126
Event: 3.515 Thread 0x00000000029e0800 Uncommon trap: reason=bimorphic action=maybe_recompile pc=0x0000000002d1af90 method=java.util.HashMap.getNode(ILjava/lang/Object;)Ljava/util/HashMap$Node; @ 126
Event: 3.528 Thread 0x00000000029e0800 Uncommon trap: reason=unreached action=reinterpret pc=0x0000000002e9f850 method=com.android.dx.ssa.SsaRenamer$BlockRenamer.addMapping(ILcom/android/dx/rop/code/RegisterSpec;)V @ 66
Event: 3.927 Thread 0x00000000029e0800 Uncommon trap: reason=class_check action=maybe_recompile pc=0x0000000002e314c4 method=com.android.dx.ssa.NormalSsaInsn.accept(Lcom/android/dx/ssa/SsaInsn$Visitor;)V @ 9
Event: 3.927 Thread 0x00000000029e0800 Uncommon trap: reason=class_check action=maybe_recompile pc=0x0000000002d7a6f0 method=com.android.dx.ssa.NormalSsaInsn.accept(Lcom/android/dx/ssa/SsaInsn$Visitor;)V @ 9
Event: 3.927 Thread 0x00000000029e0800 Uncommon trap: reason=class_check action=maybe_recompile pc=0x0000000002d7a6f0 method=com.android.dx.ssa.NormalSsaInsn.accept(Lcom/android/dx/ssa/SsaInsn$Visitor;)V @ 9
Event: 3.927 Thread 0x00000000029e0800 Uncommon trap: reason=class_check action=maybe_recompile pc=0x0000000002d7a6f0 method=com.android.dx.ssa.NormalSsaInsn.accept(Lcom/android/dx/ssa/SsaInsn$Visitor;)V @ 9
Event: 3.938 Thread 0x00000000029e0800 Uncommon trap: reason=class_check action=maybe_recompile pc=0x0000000002e314c4 method=com.android.dx.ssa.NormalSsaInsn.accept(Lcom/android/dx/ssa/SsaInsn$Visitor;)V @ 9
Event: 5.544 Thread 0x00000000029e0800 Uncommon trap: reason=bimorphic action=maybe_recompile pc=0x0000000003006eb8 method=com.android.dx.ssa.LiteralOpUpgrader.tryReplacingWithConstant(Lcom/android/dx/ssa/NormalSsaInsn;)Z @ 62
Event: 6.194 Thread 0x00000000029e0800 Uncommon trap: reason=bimorphic action=maybe_recompile pc=0x0000000003006eb8 method=com.android.dx.ssa.LiteralOpUpgrader.tryReplacingWithConstant(Lcom/android/dx/ssa/NormalSsaInsn;)Z @ 62

Internal exceptions (10 events):
Event: 1.916 Thread 0x00000000029e0800 Exception <a 'java/security/PrivilegedActionException'> (0x00000000eb2c2298) thrown at [D:\re\workspace\8-2-build-windows-amd64-cygwin\jdk8u20\1074\hotspot\src\share\vm\prims\jvm.cpp, line 1275]
Event: 1.924 Thread 0x00000000029e0800 Exception <a 'java/security/PrivilegedActionException'> (0x00000000eb2d9c70) thrown at [D:\re\workspace\8-2-build-windows-amd64-cygwin\jdk8u20\1074\hotspot\src\share\vm\prims\jvm.cpp, line 1275]
Event: 2.138 Thread 0x00000000029e0800 Exception <a 'java/security/PrivilegedActionException'> (0x00000000eb32b538) thrown at [D:\re\workspace\8-2-build-windows-amd64-cygwin\jdk8u20\1074\hotspot\src\share\vm\prims\jvm.cpp, line 1275]
Event: 2.156 Thread 0x00000000029e0800 Exception <a 'java/security/PrivilegedActionException'> (0x00000000eb346150) thrown at [D:\re\workspace\8-2-build-windows-amd64-cygwin\jdk8u20\1074\hotspot\src\share\vm\prims\jvm.cpp, line 1275]
Event: 3.336 Thread 0x00000000029e0800 Exception <a 'java/security/PrivilegedActionException'> (0x00000000eb7cad28) thrown at [D:\re\workspace\8-2-build-windows-amd64-cygwin\jdk8u20\1074\hotspot\src\share\vm\prims\jvm.cpp, line 1275]
Event: 3.788 Thread 0x00000000029e0800 Exception <a 'java/security/PrivilegedActionException'> (0x00000000eab02278) thrown at [D:\re\workspace\8-2-build-windows-amd64-cygwin\jdk8u20\1074\hotspot\src\share\vm\prims\jvm.cpp, line 1275]
Event: 3.923 Thread 0x00000000029e0800 Exception <a 'java/security/PrivilegedActionException'> (0x00000000eaddac08) thrown at [D:\re\workspace\8-2-build-windows-amd64-cygwin\jdk8u20\1074\hotspot\src\share\vm\prims\jvm.cpp, line 1275]
Event: 4.225 Thread 0x00000000029e0800 Exception <a 'java/security/PrivilegedActionException'> (0x00000000eaf5c568) thrown at [D:\re\workspace\8-2-build-windows-amd64-cygwin\jdk8u20\1074\hotspot\src\share\vm\prims\jvm.cpp, line 1275]
Event: 5.540 Thread 0x00000000029e0800 Exception <a 'java/security/PrivilegedActionException'> (0x00000000eb78bcf0) thrown at [D:\re\workspace\8-2-build-windows-amd64-cygwin\jdk8u20\1074\hotspot\src\share\vm\prims\jvm.cpp, line 1275]
Event: 7.341 Thread 0x00000000029e0800 Exception <a 'java/security/PrivilegedActionException'> (0x00000000eba4b7d8) thrown at [D:\re\workspace\8-2-build-windows-amd64-cygwin\jdk8u20\1074\hotspot\src\share\vm\prims\jvm.cpp, line 1275]

Events (10 events):
Event: 5.544 Thread 0x00000000029e0800 Uncommon trap: trap_request=0xffffffc6 fr.pc=0x0000000003006eb8
Event: 5.544 Thread 0x00000000029e0800 DEOPT PACKING pc=0x0000000003006eb8 sp=0x000000000294e760
Event: 5.544 Thread 0x00000000029e0800 DEOPT UNPACKING pc=0x0000000002b2556a sp=0x000000000294e628 mode 2
Event: 6.014 Executing VM operation: ParallelGCFailedAllocation
Event: 6.076 Executing VM operation: ParallelGCFailedAllocation done
Event: 6.194 Thread 0x00000000029e0800 Uncommon trap: trap_request=0xffffffc6 fr.pc=0x0000000003006eb8
Event: 6.194 Thread 0x00000000029e0800 DEOPT PACKING pc=0x0000000003006eb8 sp=0x000000000294e760
Event: 6.194 Thread 0x00000000029e0800 DEOPT UNPACKING pc=0x0000000002b2556a sp=0x000000000294e628 mode 2
Event: 7.341 loading class com/android/dx/rop/code/RegisterSpec$1
Event: 7.341 loading class com/android/dx/rop/code/RegisterSpec$1 done


Dynamic libraries:
0x00007ff738ee0000 - 0x00007ff738f14000 	C:\Program Files\Java\jdk1.8.0_20\bin\java.exe
0x00007ff9255f0000 - 0x00007ff92579c000 	C:\WINDOWS\SYSTEM32\ntdll.dll
0x00007ff922c90000 - 0x00007ff922dce000 	C:\WINDOWS\system32\KERNEL32.DLL
0x00007ff9229f0000 - 0x00007ff922b05000 	C:\WINDOWS\system32\KERNELBASE.dll
0x00007ff9212e0000 - 0x00007ff92136e000 	C:\WINDOWS\system32\apphelp.dll
0x00007ff918960000 - 0x00007ff9189b3000 	C:\WINDOWS\AppPatch\AppPatch64\AcGenral.DLL
0x00007ff9252a0000 - 0x00007ff92534a000 	C:\WINDOWS\system32\msvcrt.dll
0x00007ff9225e0000 - 0x00007ff92260e000 	C:\WINDOWS\SYSTEM32\SspiCli.dll
0x00007ff924720000 - 0x00007ff924774000 	C:\WINDOWS\system32\SHLWAPI.dll
0x00007ff9248e0000 - 0x00007ff924a57000 	C:\WINDOWS\system32\USER32.dll
0x00007ff9250a0000 - 0x00007ff925234000 	C:\WINDOWS\system32\ole32.dll
0x00007ff922dd0000 - 0x00007ff9242e8000 	C:\WINDOWS\system32\SHELL32.dll
0x00007ff921c60000 - 0x00007ff921c81000 	C:\WINDOWS\SYSTEM32\USERENV.dll
0x00007ff925460000 - 0x00007ff92550a000 	C:\WINDOWS\system32\ADVAPI32.dll
0x00007ff9137c0000 - 0x00007ff9137de000 	C:\WINDOWS\SYSTEM32\MPR.dll
0x00007ff9242f0000 - 0x00007ff924431000 	C:\WINDOWS\system32\RPCRT4.dll
0x00007ff924a60000 - 0x00007ff924ab9000 	C:\WINDOWS\SYSTEM32\sechost.dll
0x00007ff924440000 - 0x00007ff924651000 	C:\WINDOWS\SYSTEM32\combase.dll
0x00007ff924780000 - 0x00007ff9248d1000 	C:\WINDOWS\system32\GDI32.dll
0x00007ff922740000 - 0x00007ff922755000 	C:\WINDOWS\SYSTEM32\profapi.dll
0x00007ff920cb0000 - 0x00007ff920d62000 	C:\WINDOWS\SYSTEM32\SHCORE.dll
0x00007ff925420000 - 0x00007ff925456000 	C:\WINDOWS\system32\IMM32.DLL
0x00007ff924f40000 - 0x00007ff925092000 	C:\WINDOWS\system32\MSCTF.dll
0x00007ff91e7d0000 - 0x00007ff91ea4b000 	C:\WINDOWS\WinSxS\amd64_microsoft.windows.common-controls_6595b64144ccf1df_6.0.9600.17784_none_624760d1ecb7236e\COMCTL32.dll
0x000000005e6c0000 - 0x000000005e792000 	C:\Program Files\Java\jdk1.8.0_20\jre\bin\msvcr100.dll
0x000000005fac0000 - 0x0000000060318000 	C:\Program Files\Java\jdk1.8.0_20\jre\bin\server\jvm.dll
0x00007ff913110000 - 0x00007ff913119000 	C:\WINDOWS\SYSTEM32\WSOCK32.dll
0x00007ff912670000 - 0x00007ff912692000 	C:\WINDOWS\SYSTEM32\WINMM.dll
0x00007ff925510000 - 0x00007ff925517000 	C:\WINDOWS\system32\PSAPI.DLL
0x00007ff925240000 - 0x00007ff92529a000 	C:\WINDOWS\system32\WS2_32.dll
0x00007ff911b90000 - 0x00007ff911bba000 	C:\WINDOWS\SYSTEM32\WINMMBASE.dll
0x00007ff924b20000 - 0x00007ff924b29000 	C:\WINDOWS\system32\NSI.dll
0x00007ff922c20000 - 0x00007ff922c6f000 	C:\WINDOWS\SYSTEM32\cfgmgr32.dll
0x00007ff921530000 - 0x00007ff921558000 	C:\WINDOWS\SYSTEM32\DEVOBJ.dll
0x0000000060ae0000 - 0x0000000060aef000 	C:\Program Files\Java\jdk1.8.0_20\jre\bin\verify.dll
0x0000000060ab0000 - 0x0000000060ad8000 	C:\Program Files\Java\jdk1.8.0_20\jre\bin\java.dll
0x0000000060a90000 - 0x0000000060aa6000 	C:\Program Files\Java\jdk1.8.0_20\jre\bin\zip.dll
0x00007ff916fe0000 - 0x00007ff917169000 	C:\WINDOWS\SYSTEM32\dbghelp.dll

VM Arguments:
jvm_args: -Xmx1024M -Dfile.encoding=windows-1252 -Duser.country=GB -Duser.language=en -Duser.variant 
java_command: com.android.dx.command.Main --dex --output C:\Users\Rene\gitAndroid\IntelligentMinds\Messenger\app\build\intermediates\pre-dexed\debug\classes-7ab949ad38675f0e9db9ab3b43ab1ce332f1ef36.jar C:\Users\Rene\gitAndroid\IntelligentMinds\Messenger\app\build\intermediates\exploded-aar\com.google.android.gms\play-services-wearable\7.0.0\classes.jar
java_class_path (initial): C:\Users\Rene\AppData\Local\Android\sdk\build-tools\22.0.1\lib\dx.jar
Launcher Type: SUN_STANDARD

Environment Variables:
PATH=C:\ProgramData\Oracle\Java\javapath;C:\WINDOWS\system32;C:\WINDOWS;C:\WINDOWS\System32\Wbem;C:\WINDOWS\System32\WindowsPowerShell\v1.0\;C:\Program Files (x86)\Git\cmd;C:\Program Files\OpenVPN\bin
USERNAME=Rene
OS=Windows_NT
PROCESSOR_IDENTIFIER=Intel64 Family 6 Model 58 Stepping 9, GenuineIntel



---------------  S Y S T E M  ---------------

OS: Windows 8.1 , 64 bit Build 9600 

CPU:total 4 (2 cores per cpu, 2 threads per core) family 6 model 58 stepping 9, cmov, cx8, fxsr, mmx, sse, sse2, sse3, ssse3, sse4.1, sse4.2, popcnt, avx, aes, clmul, erms, ht, tsc, tscinvbit, tscinv

Memory: 4k page, physical 4075216k(256792k free), swap 7220944k(6560k free)

vm_info: Java HotSpot(TM) 64-Bit Server VM (25.20-b23) for windows-amd64 JRE (1.8.0_20-b26), built on Jul 30 2014 13:51:23 by "java_re" with MS VC++ 10.0 (VS2010)

time: Wed May 27 14:29:37 2015
elapsed time: 8 seconds (0d 0h 0m 8s)

